<?xml version="1.0" encoding="utf-8"?><testsuites name="pytest tests"><testsuite name="pytest" errors="0" failures="0" skipped="0" tests="3" time="1.313" timestamp="2026-07-27T12:47:26.504344+00:00" hostname="agent-env-1c833341-7cb5-4963-a44f-4b6d7eada420"><testcase classname="tests.test_analytics" name="test_analytics_shape" time="0.548" /><testcase classname="tests.test_analytics" name="test_analytics_unauthorized" time="0.100" /><testcase classname="tests.test_analytics" name="test_reschedule_moves_atom_to_new_day" time="0.187" /></testsuite></testsuites>