<?xml version="1.0" encoding="utf-8"?><testsuites name="pytest tests"><testsuite name="pytest" errors="0" failures="0" skipped="0" tests="10" time="29.243" timestamp="2026-07-28T04:45:09.569664+00:00" hostname="agent-env-1c833341-7cb5-4963-a44f-4b6d7eada420"><testcase classname="tests.test_new_features.TestImageAtomMedia" name="test_generate_image_atom_stores_both_versions" time="22.256" /><testcase classname="tests.test_new_features.TestImageAtomMedia" name="test_get_media_returns_both_versions" time="0.059" /><testcase classname="tests.test_new_features.TestImageAtomMedia" name="test_select_original_persists" time="0.114" /><testcase classname="tests.test_new_features.TestImageAtomMedia" name="test_select_watermarked_switches_back" time="0.107" /><testcase classname="tests.test_new_features.TestImageAtomMedia" name="test_select_media_404_for_missing_atom" time="0.047" /><testcase classname="tests.test_new_features.TestAutoScheduleOnApprove" name="test_generate_and_approve_twitter_auto_schedules" time="0.446" /><testcase classname="tests.test_new_features.TestAutoScheduleOnApprove" name="test_approve_endpoint_returns_scheduled_at" time="1.697" /><testcase classname="tests.test_new_features.TestBulkApproveAutoSchedule" name="test_bulk_approve_returns_ok_and_scheduled_count" time="4.193" /><testcase classname="tests.test_new_features.TestScheduleEndpoint" name="test_schedule_endpoint_returns_lists" time="0.061" /><testcase classname="tests.test_new_features.TestScheduleEndpoint" name="test_auto_schedule_bulk_endpoint" time="0.190" /></testsuite></testsuites>