<?xml version="1.0" encoding="utf-8"?><testsuites name="pytest tests"><testsuite name="pytest" errors="0" failures="0" skipped="0" tests="20" time="19.734" timestamp="2026-07-27T08:18:04.614419+00:00" hostname="agent-env-1c833341-7cb5-4963-a44f-4b6d7eada420"><testcase classname="tests.backend_test.TestAuth" name="test_login_success" time="0.420" /><testcase classname="tests.backend_test.TestAuth" name="test_login_invalid" time="0.506" /><testcase classname="tests.backend_test.TestArticleFlow" name="test_create_article" time="0.930" /><testcase classname="tests.backend_test.TestArticleFlow" name="test_duplicate_article_returns_409" time="0.044" /><testcase classname="tests.backend_test.TestArticleFlow" name="test_list_articles" time="0.045" /><testcase classname="tests.backend_test.TestArticleFlow" name="test_get_article" time="0.233" /><testcase classname="tests.backend_test.TestArticleFlow" name="test_analyze_creates_50_atoms" time="5.029" /><testcase classname="tests.backend_test.TestAuth" name="test_me" time="0.494" /><testcase classname="tests.backend_test.TestAuth" name="test_me_no_token" time="0.100" /><testcase classname="tests.backend_test.TestObservability" name="test_dashboard_stats" time="0.046" /><testcase classname="tests.backend_test.TestObservability" name="test_jobs" time="0.043" /><testcase classname="tests.backend_test.TestObservability" name="test_quotas" time="0.043" /><testcase classname="tests.backend_test.TestBlueprint" name="test_blueprint_has_50_atoms" time="0.043" /><testcase classname="tests.backend_test" name="test_zzz_cleanup_article" time="0.000" /><testcase classname="tests.backend_test.TestArticleFlow" name="test_list_atoms_50" time="0.047" /><testcase classname="tests.backend_test.TestArticleFlow" name="test_generate_text_atom_auto_approved" time="4.150" /><testcase classname="tests.backend_test.TestArticleFlow" name="test_generate_text_atom_goes_to_review" time="8.230" /><testcase classname="tests.backend_test.TestArticleFlow" name="test_edit_atom" time="0.047" /><testcase classname="tests.backend_test.TestArticleFlow" name="test_approve_atom" time="0.088" /><testcase classname="tests.backend_test.TestArticleFlow" name="test_reject_and_bulk_approve" time="0.382" /></testsuite></testsuites>