<?xml version="1.0" encoding="utf-8"?><testsuites name="pytest tests"><testsuite name="pytest" errors="0" failures="0" skipped="1" tests="5" time="61.861" timestamp="2026-07-27T12:35:14.667533+00:00" hostname="agent-env-1c833341-7cb5-4963-a44f-4b6d7eada420"><testcase classname="tests.test_schedule" name="test_get_schedule_shape" time="0.573" /><testcase classname="tests.test_schedule" name="test_schedule_future_and_unschedule_linkedin" time="0.052"><skipped type="pytest.skip" message="No unscheduled LinkedIn atom available">/app/backend/tests/test_schedule.py:50: No unscheduled LinkedIn atom available</skipped></testcase><testcase classname="tests.test_schedule" name="test_schedule_rejects_non_approved" time="0.141" /><testcase classname="tests.test_schedule" name="test_scheduler_retry_dlq_twitter" time="60.370" /><testcase classname="tests.test_schedule" name="test_auto_distribute" time="0.231" /></testsuite></testsuites>